<?xml version="1.0" encoding="UTF-8"?>
<testng-results ignored="0" total="1" passed="1" failed="0" skipped="0">
  <reporter-output>
  </reporter-output>
  <suite started-at="2023-05-01T13:23:18 IST" name="MMTAutomation" finished-at="2023-05-01T13:23:29 IST" duration-ms="11159">
    <groups>
    </groups>
    <test started-at="2023-05-01T13:23:18 IST" name="MMT Test" finished-at="2023-05-01T13:23:29 IST" duration-ms="11159">
      <class name="com.mmt.testCases.FlighSearchTests">
        <test-method is-config="true" signature="setup()[pri:0, instance:com.mmt.testCases.FlighSearchTests@557caf28]" started-at="2023-05-01T13:23:18 IST" name="setup" finished-at="2023-05-01T13:23:26 IST" duration-ms="8086" status="PASS">
          <reporter-output>
          </reporter-output>
        </test-method> <!-- setup -->
        <test-method signature="TC01_VerifyFlighBooking()[pri:0, instance:com.mmt.testCases.FlighSearchTests@557caf28]" started-at="2023-05-01T13:23:26 IST" name="TC01_VerifyFlighBooking" finished-at="2023-05-01T13:23:28 IST" duration-ms="1952" status="PASS">
          <reporter-output>
          </reporter-output>
        </test-method> <!-- TC01_VerifyFlighBooking -->
        <test-method is-config="true" signature="tearDown()[pri:0, instance:com.mmt.testCases.FlighSearchTests@557caf28]" started-at="2023-05-01T13:23:28 IST" name="tearDown" finished-at="2023-05-01T13:23:29 IST" duration-ms="1020" status="PASS">
          <reporter-output>
          </reporter-output>
        </test-method> <!-- tearDown -->
      </class> <!-- com.mmt.testCases.FlighSearchTests -->
    </test> <!-- MMT Test -->
  </suite> <!-- MMTAutomation -->
</testng-results>
