<?xml version="1.0" encoding="UTF-8"?>
<testng-results ignored="0" total="1" passed="1" failed="0" skipped="0">
  <reporter-output>
  </reporter-output>
  <suite started-at="2023-04-25T16:09:11 IST" name="MMTAutomation" finished-at="2023-04-25T16:10:43 IST" duration-ms="91904">
    <groups>
    </groups>
    <test started-at="2023-04-25T16:09:11 IST" name="MMT Test" finished-at="2023-04-25T16:10:43 IST" duration-ms="91904">
      <class name="com.mmt.testCases.FlighSearchTests">
        <test-method is-config="true" signature="setup()[pri:0, instance:com.mmt.testCases.FlighSearchTests@1d296da]" started-at="2023-04-25T16:09:11 IST" name="setup" finished-at="2023-04-25T16:09:44 IST" duration-ms="33007" status="PASS">
          <reporter-output>
          </reporter-output>
        </test-method> <!-- setup -->
        <test-method signature="TC01_VerifyFlighBooking()[pri:0, instance:com.mmt.testCases.FlighSearchTests@1d296da]" started-at="2023-04-25T16:09:44 IST" name="TC01_VerifyFlighBooking" finished-at="2023-04-25T16:10:41 IST" duration-ms="57050" status="PASS">
          <reporter-output>
          </reporter-output>
        </test-method> <!-- TC01_VerifyFlighBooking -->
        <test-method is-config="true" signature="tearDown()[pri:0, instance:com.mmt.testCases.FlighSearchTests@1d296da]" started-at="2023-04-25T16:10:41 IST" name="tearDown" finished-at="2023-04-25T16:10:43 IST" duration-ms="1385" status="PASS">
          <reporter-output>
          </reporter-output>
        </test-method> <!-- tearDown -->
      </class> <!-- com.mmt.testCases.FlighSearchTests -->
    </test> <!-- MMT Test -->
  </suite> <!-- MMTAutomation -->
</testng-results>
